#
# There is insufficient memory for the Java Runtime Environment to continue.
# Native memory allocation (malloc) failed to allocate 1619088 bytes for Chunk::new
# Possible reasons:
#   The system is out of physical RAM or swap space
#   In 32 bit mode, the process size limit was hit
# Possible solutions:
#   Reduce memory load on the system
#   Increase physical memory or swap space
#   Check if swap backing store is full
#   Use 64 bit Java on a 64 bit OS
#   Decrease Java heap size (-Xmx/-Xms)
#   Decrease number of Java threads
#   Decrease Java thread stack sizes (-Xss)
#   Set larger code cache with -XX:ReservedCodeCacheSize=
# This output file may be truncated or incomplete.
#
#  Out of Memory Error (allocation.cpp:390), pid=7696, tid=0x0000000000002df0
#
# JRE version: Java(TM) SE Runtime Environment (8.0_131-b11) (build 1.8.0_131-b11)
# Java VM: Java HotSpot(TM) 64-Bit Server VM (25.131-b11 mixed mode windows-amd64 compressed oops)
# Failed to write core dump. Minidumps are not enabled by default on client versions of Windows
#

---------------  T H R E A D  ---------------

Current thread (0x0000000058a8b800):  JavaThread "C2 CompilerThread2" daemon [_thread_in_native, id=11760, stack(0x000000005a540000,0x000000005a640000)]

Stack: [0x000000005a540000,0x000000005a640000]
[error occurred during error reporting (printing stack bounds), id 0xc0000005]

Native frames: (J=compiled Java code, j=interpreted, Vv=VM code, C=native code)


Current CompileTask:
C2:   4160 2072   !   4       java.net.URLClassLoader$1::run (63 bytes)


---------------  P R O C E S S  ---------------

Java Threads: ( => current thread )
  0x000000005bc52000 JavaThread "Abandoned connection cleanup thread" daemon [_thread_blocked, id=7044, stack(0x000000005c9d0000,0x000000005cad0000)]
  0x0000000058b27800 JavaThread "Service Thread" daemon [_thread_blocked, id=9512, stack(0x0000000059be0000,0x0000000059ce0000)]
  0x0000000058a98000 JavaThread "C1 CompilerThread3" daemon [_thread_blocked, id=5956, stack(0x000000005a690000,0x000000005a790000)]
=>0x0000000058a8b800 JavaThread "C2 CompilerThread2" daemon [_thread_in_native, id=11760, stack(0x000000005a540000,0x000000005a640000)]
  0x0000000058a83800 JavaThread "C2 CompilerThread1" daemon [_thread_blocked, id=10888, stack(0x000000005a360000,0x000000005a460000)]
  0x0000000058a83000 JavaThread "C2 CompilerThread0" daemon [_thread_blocked, id=1088, stack(0x0000000059f80000,0x000000005a080000)]
  0x0000000058a67000 JavaThread "Monitor Ctrl-Break" daemon [_thread_in_native, id=8376, stack(0x000000005a200000,0x000000005a300000)]
  0x0000000058a42800 JavaThread "Attach Listener" daemon [_thread_blocked, id=11516, stack(0x000000005a0b0000,0x000000005a1b0000)]
  0x000000005798f800 JavaThread "Signal Dispatcher" daemon [_thread_blocked, id=3828, stack(0x0000000059e30000,0x0000000059f30000)]
  0x0000000057984800 JavaThread "Finalizer" daemon [_thread_blocked, id=11440, stack(0x0000000059cf0000,0x0000000059df0000)]
  0x000000005797e000 JavaThread "Reference Handler" daemon [_thread_blocked, id=6764, stack(0x0000000059ae0000,0x0000000059be0000)]
  0x000000000212b800 JavaThread "main" [_thread_in_native, id=11480, stack(0x00000000023a0000,0x00000000024a0000)]

Other Threads:
  0x00000000589e2800 VMThread [stack: 0x0000000059940000,0x0000000059a40000] [id=10388]
  0x0000000058b3b000 WatcherThread [stack: 0x000000005a810000,0x000000005a910000] [id=4948]

VM state:not at safepoint (normal execution)

VM Mutex/Monitor currently owned by a thread: None

Heap:
 PSYoungGen      total 66560K, used 12351K [0x00000000d5c00000, 0x00000000dd980000, 0x0000000100000000)
  eden space 61440K, 11% used [0x00000000d5c00000,0x00000000d63175e0,0x00000000d9800000)
  from space 5120K, 99% used [0x00000000da200000,0x00000000da6f8900,0x00000000da700000)
  to   space 10240K, 0% used [0x00000000d9800000,0x00000000d9800000,0x00000000da200000)
 ParOldGen       total 55808K, used 10032K [0x0000000081400000, 0x0000000084a80000, 0x00000000d5c00000)
  object space 55808K, 17% used [0x0000000081400000,0x0000000081dcc318,0x0000000084a80000)
 Metaspace       used 30292K, capacity 30616K, committed 31104K, reserved 1077248K
  class space    used 3814K, capacity 3898K, committed 3968K, reserved 1048576K

Card table byte_map: [0x0000000011a40000,0x0000000011e40000] byte_map_base: 0x0000000011636000

Marking Bits: (ParMarkBitMap*) 0x000000005e17c720
 Begin Bits: [0x0000000012c30000, 0x0000000014be0000)
 End Bits:   [0x0000000014be0000, 0x0000000016b90000)

Polling page: 0x0000000000150000

CodeCache: size=245760Kb used=7961Kb max_used=7971Kb free=237798Kb
 bounds [0x0000000002680000, 0x0000000002e50000, 0x0000000011680000]
 total_blobs=2650 nmethods=2192 adapters=370
 compilation: enabled

Compilation events (10 events):
Event: 4.111 Thread 0x0000000058a98000 2190       2       java.lang.String::regionMatches (149 bytes)
Event: 4.111 Thread 0x0000000058a98000 nmethod 2190 0x0000000002e445d0 code [0x0000000002e447c0, 0x0000000002e44cf8]
Event: 4.111 Thread 0x0000000058a98000 2192       3       java.lang.invoke.MemberName::flagsMods (72 bytes)
Event: 4.111 Thread 0x0000000058a98000 nmethod 2192 0x0000000002e44290 code [0x0000000002e443e0, 0x0000000002e44550]
Event: 4.112 Thread 0x0000000058a83000 nmethod 2189 0x0000000002e45890 code [0x0000000002e45a20, 0x0000000002e46150]
Event: 4.112 Thread 0x0000000058a83000 2187   !   4       java.lang.ref.ReferenceQueue::enqueue (119 bytes)
Event: 4.113 Thread 0x0000000058a83800 nmethod 2185 0x0000000002e48850 code [0x0000000002e48a20, 0x0000000002e49930]
Event: 4.113 Thread 0x0000000058a83800 2188       4       java.lang.ref.ReferenceQueue::reallyPoll (66 bytes)
Event: 4.114 Thread 0x0000000058a83800 nmethod 2188 0x0000000002e455d0 code [0x0000000002e45700, 0x0000000002e45818]
Event: 4.114 Thread 0x0000000058a83000 nmethod 2187 0x0000000002e4a950 code [0x0000000002e4aaa0, 0x0000000002e4af48]

GC Heap History (10 events):
Event: 2.358 GC heap before
{Heap before GC invocations=3 (full 0):
 PSYoungGen      total 38400K, used 38319K [0x00000000d5c00000, 0x00000000d8680000, 0x0000000100000000)
  eden space 33280K, 100% used [0x00000000d5c00000,0x00000000d7c80000,0x00000000d7c80000)
  from space 5120K, 98% used [0x00000000d8180000,0x00000000d866bf98,0x00000000d8680000)
  to   space 5120K, 0% used [0x00000000d7c80000,0x00000000d7c80000,0x00000000d8180000)
 ParOldGen       total 87552K, used 88K [0x0000000081400000, 0x0000000086980000, 0x00000000d5c00000)
  object space 87552K, 0% used [0x0000000081400000,0x0000000081416010,0x0000000086980000)
 Metaspace       used 13616K, capacity 13776K, committed 13952K, reserved 1060864K
  class space    used 1640K, capacity 1659K, committed 1664K, reserved 1048576K
Event: 2.365 GC heap after
Heap after GC invocations=3 (full 0):
 PSYoungGen      total 38400K, used 5118K [0x00000000d5c00000, 0x00000000da700000, 0x0000000100000000)
  eden space 33280K, 0% used [0x00000000d5c00000,0x00000000d5c00000,0x00000000d7c80000)
  from space 5120K, 99% used [0x00000000d7c80000,0x00000000d817fa28,0x00000000d8180000)
  to   space 5120K, 0% used [0x00000000da200000,0x00000000da200000,0x00000000da700000)
 ParOldGen       total 87552K, used 745K [0x0000000081400000, 0x0000000086980000, 0x00000000d5c00000)
  object space 87552K, 0% used [0x0000000081400000,0x00000000814ba420,0x0000000086980000)
 Metaspace       used 13616K, capacity 13776K, committed 13952K, reserved 1060864K
  class space    used 1640K, capacity 1659K, committed 1664K, reserved 1048576K
}
Event: 2.809 GC heap before
{Heap before GC invocations=4 (full 0):
 PSYoungGen      total 38400K, used 38398K [0x00000000d5c00000, 0x00000000da700000, 0x0000000100000000)
  eden space 33280K, 100% used [0x00000000d5c00000,0x00000000d7c80000,0x00000000d7c80000)
  from space 5120K, 99% used [0x00000000d7c80000,0x00000000d817fa28,0x00000000d8180000)
  to   space 5120K, 0% used [0x00000000da200000,0x00000000da200000,0x00000000da700000)
 ParOldGen       total 87552K, used 745K [0x0000000081400000, 0x0000000086980000, 0x00000000d5c00000)
  object space 87552K, 0% used [0x0000000081400000,0x00000000814ba420,0x0000000086980000)
 Metaspace       used 17501K, capacity 17666K, committed 18048K, reserved 1064960K
  class space    used 2043K, capacity 2078K, committed 2176K, reserved 1048576K
Event: 2.815 GC heap after
Heap after GC invocations=4 (full 0):
 PSYoungGen      total 71680K, used 5091K [0x00000000d5c00000, 0x00000000da700000, 0x0000000100000000)
  eden space 66560K, 0% used [0x00000000d5c00000,0x00000000d5c00000,0x00000000d9d00000)
  from space 5120K, 99% used [0x00000000da200000,0x00000000da6f8c58,0x00000000da700000)
  to   space 5120K, 0% used [0x00000000d9d00000,0x00000000d9d00000,0x00000000da200000)
 ParOldGen       total 87552K, used 2749K [0x0000000081400000, 0x0000000086980000, 0x00000000d5c00000)
  object space 87552K, 3% used [0x0000000081400000,0x00000000816af540,0x0000000086980000)
 Metaspace       used 17501K, capacity 17666K, committed 18048K, reserved 1064960K
  class space    used 2043K, capacity 2078K, committed 2176K, reserved 1048576K
}
Event: 3.093 GC heap before
{Heap before GC invocations=5 (full 0):
 PSYoungGen      total 71680K, used 30044K [0x00000000d5c00000, 0x00000000da700000, 0x0000000100000000)
  eden space 66560K, 37% used [0x00000000d5c00000,0x00000000d745e4e8,0x00000000d9d00000)
  from space 5120K, 99% used [0x00000000da200000,0x00000000da6f8c58,0x00000000da700000)
  to   space 5120K, 0% used [0x00000000d9d00000,0x00000000d9d00000,0x00000000da200000)
 ParOldGen       total 87552K, used 2749K [0x0000000081400000, 0x0000000086980000, 0x00000000d5c00000)
  object space 87552K, 3% used [0x0000000081400000,0x00000000816af540,0x0000000086980000)
 Metaspace       used 20822K, capacity 21100K, committed 21296K, reserved 1069056K
  class space    used 2548K, capacity 2648K, committed 2688K, reserved 1048576K
Event: 3.100 GC heap after
Heap after GC invocations=5 (full 0):
 PSYoungGen      total 71680K, used 5100K [0x00000000d5c00000, 0x00000000da700000, 0x0000000100000000)
  eden space 66560K, 0% used [0x00000000d5c00000,0x00000000d5c00000,0x00000000d9d00000)
  from space 5120K, 99% used [0x00000000d9d00000,0x00000000da1fb280,0x00000000da200000)
  to   space 5120K, 0% used [0x00000000da200000,0x00000000da200000,0x00000000da700000)
 ParOldGen       total 87552K, used 4567K [0x0000000081400000, 0x0000000086980000, 0x00000000d5c00000)
  object space 87552K, 5% used [0x0000000081400000,0x0000000081875f38,0x0000000086980000)
 Metaspace       used 20822K, capacity 21100K, committed 21296K, reserved 1069056K
  class space    used 2548K, capacity 2648K, committed 2688K, reserved 1048576K
}
Event: 3.100 GC heap before
{Heap before GC invocations=6 (full 1):
 PSYoungGen      total 71680K, used 5100K [0x00000000d5c00000, 0x00000000da700000, 0x0000000100000000)
  eden space 66560K, 0% used [0x00000000d5c00000,0x00000000d5c00000,0x00000000d9d00000)
  from space 5120K, 99% used [0x00000000d9d00000,0x00000000da1fb280,0x00000000da200000)
  to   space 5120K, 0% used [0x00000000da200000,0x00000000da200000,0x00000000da700000)
 ParOldGen       total 87552K, used 4567K [0x0000000081400000, 0x0000000086980000, 0x00000000d5c00000)
  object space 87552K, 5% used [0x0000000081400000,0x0000000081875f38,0x0000000086980000)
 Metaspace       used 20822K, capacity 21100K, committed 21296K, reserved 1069056K
  class space    used 2548K, capacity 2648K, committed 2688K, reserved 1048576K
Event: 3.126 GC heap after
Heap after GC invocations=6 (full 1):
 PSYoungGen      total 71680K, used 0K [0x00000000d5c00000, 0x00000000da700000, 0x0000000100000000)
  eden space 66560K, 0% used [0x00000000d5c00000,0x00000000d5c00000,0x00000000d9d00000)
  from space 5120K, 0% used [0x00000000d9d00000,0x00000000d9d00000,0x00000000da200000)
  to   space 5120K, 0% used [0x00000000da200000,0x00000000da200000,0x00000000da700000)
 ParOldGen       total 55808K, used 6830K [0x0000000081400000, 0x0000000084a80000, 0x00000000d5c00000)
  object space 55808K, 12% used [0x0000000081400000,0x0000000081aab818,0x0000000084a80000)
 Metaspace       used 20822K, capacity 21100K, committed 21296K, reserved 1069056K
  class space    used 2548K, capacity 2648K, committed 2688K, reserved 1048576K
}
Event: 4.092 GC heap before
{Heap before GC invocations=7 (full 1):
 PSYoungGen      total 71680K, used 66560K [0x00000000d5c00000, 0x00000000da700000, 0x0000000100000000)
  eden space 66560K, 100% used [0x00000000d5c00000,0x00000000d9d00000,0x00000000d9d00000)
  from space 5120K, 0% used [0x00000000d9d00000,0x00000000d9d00000,0x00000000da200000)
  to   space 5120K, 0% used [0x00000000da200000,0x00000000da200000,0x00000000da700000)
 ParOldGen       total 55808K, used 6830K [0x0000000081400000, 0x0000000084a80000, 0x00000000d5c00000)
  object space 55808K, 12% used [0x0000000081400000,0x0000000081aab818,0x0000000084a80000)
 Metaspace       used 29502K, capacity 29804K, committed 30208K, reserved 1075200K
  class space    used 3719K, capacity 3798K, committed 3840K, reserved 1048576K
Event: 4.105 GC heap after
Heap after GC invocations=7 (full 1):
 PSYoungGen      total 66560K, used 5090K [0x00000000d5c00000, 0x00000000dd980000, 0x0000000100000000)
  eden space 61440K, 0% used [0x00000000d5c00000,0x00000000d5c00000,0x00000000d9800000)
  from space 5120K, 99% used [0x00000000da200000,0x00000000da6f8900,0x00000000da700000)
  to   space 10240K, 0% used [0x00000000d9800000,0x00000000d9800000,0x00000000da200000)
 ParOldGen       total 55808K, used 10032K [0x0000000081400000, 0x0000000084a80000, 0x00000000d5c00000)
  object space 55808K, 17% used [0x0000000081400000,0x0000000081dcc318,0x0000000084a80000)
 Metaspace       used 29502K, capacity 29804K, committed 30208K, reserved 1075200K
  class space    used 3719K, capacity 3798K, committed 3840K, reserved 1048576K
}

Deoptimization events (10 events):
Event: 3.091 Thread 0x000000000212b800 Uncommon trap: reason=unstable_if action=reinterpret pc=0x0000000002905be4 method=java.util.HashMap.hash(Ljava/lang/Object;)I @ 1
Event: 3.190 Thread 0x000000000212b800 Uncommon trap: reason=unstable_if action=reinterpret pc=0x0000000002cb8c0c method=java.util.regex.Pattern$BmpCharProperty.match(Ljava/util/regex/Matcher;ILjava/lang/CharSequence;)Z @ 5
Event: 3.267 Thread 0x000000000212b800 Uncommon trap: reason=unstable_if action=reinterpret pc=0x0000000002cce1c4 method=java.lang.String.regionMatches(ZILjava/lang/String;II)Z @ 123
Event: 3.350 Thread 0x000000000212b800 Uncommon trap: reason=unstable_if action=reinterpret pc=0x00000000029d20ac method=sun.nio.cs.UTF_8$Decoder.decode([BII[C)I @ 30
Event: 3.704 Thread 0x000000000212b800 Uncommon trap: reason=unstable_if action=reinterpret pc=0x00000000027e57cc method=sun.nio.cs.UTF_8$Encoder.encode([CII[B)I @ 33
Event: 3.834 Thread 0x000000000212b800 Uncommon trap: reason=class_check action=maybe_recompile pc=0x0000000002d69520 method=java.util.TreeMap.getEntry(Ljava/lang/Object;)Ljava/util/TreeMap$Entry; @ 26
Event: 3.834 Thread 0x000000000212b800 Uncommon trap: reason=class_check action=maybe_recompile pc=0x0000000002d69520 method=java.util.TreeMap.getEntry(Ljava/lang/Object;)Ljava/util/TreeMap$Entry; @ 26
Event: 3.932 Thread 0x000000000212b800 Uncommon trap: reason=class_check action=maybe_recompile pc=0x0000000002d69520 method=java.util.TreeMap.getEntry(Ljava/lang/Object;)Ljava/util/TreeMap$Entry; @ 26
Event: 3.932 Thread 0x000000000212b800 Uncommon trap: reason=class_check action=maybe_recompile pc=0x0000000002d69520 method=java.util.TreeMap.getEntry(Ljava/lang/Object;)Ljava/util/TreeMap$Entry; @ 26
Event: 4.090 Thread 0x000000000212b800 Uncommon trap: reason=predicate action=maybe_recompile pc=0x0000000002e3e358 method=java.lang.String.regionMatches(ZILjava/lang/String;II)Z @ 63

Internal exceptions (10 events):
Event: 2.731 Thread 0x000000000212b800 Exception <a 'java/lang/ClassNotFoundException': org/apache/commons/dbcp2/BasicDataSourceBeanInfo> (0x00000000d7598d90) thrown at [C:\re\workspace\8-2-build-windows-amd64-cygwin\jdk8u131\8869\hotspot\src\share\vm\classfile\systemDictionary.cpp, line 210]
Event: 2.731 Thread 0x000000000212b800 Exception <a 'java/lang/ClassNotFoundException': org/apache/commons/dbcp2/BasicDataSourceCustomizer> (0x00000000d75aa720) thrown at [C:\re\workspace\8-2-build-windows-amd64-cygwin\jdk8u131\8869\hotspot\src\share\vm\classfile\systemDictionary.cpp, line 210
Event: 2.733 Thread 0x000000000212b800 Exception <a 'java/lang/ClassNotFoundException': javax/sql/DataSourceCustomizer> (0x00000000d76654d8) thrown at [C:\re\workspace\8-2-build-windows-amd64-cygwin\jdk8u131\8869\hotspot\src\share\vm\classfile\systemDictionary.cpp, line 210]
Event: 2.734 Thread 0x000000000212b800 Exception <a 'java/lang/ClassNotFoundException': org/apache/commons/dbcp2/BasicDataSourceMXBeanCustomizer> (0x00000000d767a720) thrown at [C:\re\workspace\8-2-build-windows-amd64-cygwin\jdk8u131\8869\hotspot\src\share\vm\classfile\systemDictionary.cpp, li
Event: 2.734 Thread 0x000000000212b800 Exception <a 'java/lang/ClassNotFoundException': javax/management/MBeanRegistrationCustomizer> (0x00000000d76a8150) thrown at [C:\re\workspace\8-2-build-windows-amd64-cygwin\jdk8u131\8869\hotspot\src\share\vm\classfile\systemDictionary.cpp, line 210]
Event: 2.734 Thread 0x000000000212b800 Exception <a 'java/lang/ClassNotFoundException': java/lang/AutoCloseableCustomizer> (0x00000000d76b1980) thrown at [C:\re\workspace\8-2-build-windows-amd64-cygwin\jdk8u131\8869\hotspot\src\share\vm\classfile\systemDictionary.cpp, line 210]
Event: 2.840 Thread 0x000000000212b800 Exception <a 'java/lang/NoSuchFieldError': method resolution failed> (0x00000000d5d9d110) thrown at [C:\re\workspace\8-2-build-windows-amd64-cygwin\jdk8u131\8869\hotspot\src\share\vm\prims\methodHandles.cpp, line 1146]
Event: 2.841 Thread 0x000000000212b800 Exception <a 'java/lang/NoSuchFieldError': method resolution failed> (0x00000000d5dab810) thrown at [C:\re\workspace\8-2-build-windows-amd64-cygwin\jdk8u131\8869\hotspot\src\share\vm\prims\methodHandles.cpp, line 1146]
Event: 3.091 Thread 0x000000000212b800 Implicit null exception at 0x00000000029c0288 to 0x00000000029c0316
Event: 3.091 Thread 0x000000000212b800 Implicit null exception at 0x0000000002905b6f to 0x0000000002905bd5

Events (10 events):
Event: 4.156 loading class org/hibernate/tuple/entity/BytecodeEnhancementMetadataPojoImpl
Event: 4.156 loading class org/hibernate/tuple/entity/BytecodeEnhancementMetadataPojoImpl done
Event: 4.156 loading class org/hibernate/bytecode/spi/NotInstrumentedException
Event: 4.156 loading class org/hibernate/bytecode/spi/NotInstrumentedException done
Event: 4.156 loading class org/hibernate/engine/spi/PersistentAttributeInterceptor
Event: 4.156 loading class org/hibernate/engine/spi/PersistentAttributeInterceptor done
Event: 4.156 loading class org/hibernate/engine/spi/PersistentAttributeInterceptable
Event: 4.156 loading class org/hibernate/engine/spi/PersistentAttributeInterceptable done
Event: 4.157 loading class org/hibernate/bytecode/enhance/spi/interceptor/LazyAttributesMetadata
Event: 4.157 loading class org/hibernate/bytecode/enhance/spi/interceptor/LazyAttributesMetadata done


Dynamic libraries:
0x000000013f580000 - 0x000000013f5b7000 	C:\Program Files\Java\jdk1.8.0_131\bin\java.exe
0x0000000077640000 - 0x00000000777ea000 	C:\Windows\SYSTEM32\ntdll.dll
0x0000000077420000 - 0x000000007753f000 	C:\Windows\system32\kernel32.dll
0x000007fefd900000 - 0x000007fefd96a000 	C:\Windows\system32\KERNELBASE.dll
0x000007fefddd0000 - 0x000007fefdeab000 	C:\Windows\system32\ADVAPI32.dll
0x000007fefdb10000 - 0x000007fefdbaf000 	C:\Windows\system32\msvcrt.dll
0x000007fefdca0000 - 0x000007fefdcbf000 	C:\Windows\SYSTEM32\sechost.dll
0x000007feff780000 - 0x000007feff8ad000 	C:\Windows\system32\RPCRT4.dll
0x0000000077540000 - 0x000000007763a000 	C:\Windows\system32\USER32.dll
0x000007feff2b0000 - 0x000007feff317000 	C:\Windows\system32\GDI32.dll
0x000007fefdaf0000 - 0x000007fefdafe000 	C:\Windows\system32\LPK.dll
0x000007fefe220000 - 0x000007fefe2eb000 	C:\Windows\system32\USP10.dll
0x000007fefba10000 - 0x000007fefbc04000 	C:\Windows\WinSxS\amd64_microsoft.windows.common-controls_6595b64144ccf1df_6.0.7601.18837_none_fa3b1e3d17594757\COMCTL32.dll
0x000007fefe1a0000 - 0x000007fefe211000 	C:\Windows\system32\SHLWAPI.dll
0x000007fefdcc0000 - 0x000007fefdcee000 	C:\Windows\system32\IMM32.DLL
0x000007fefe090000 - 0x000007fefe199000 	C:\Windows\system32\MSCTF.dll
0x000007fefd570000 - 0x000007fefd5a0000 	C:\Windows\system32\nvinitx.dll
0x000007fefd560000 - 0x000007fefd56c000 	C:\Windows\system32\VERSION.dll
0x000000006d880000 - 0x000000006d886000 	C:\Program Files\NVIDIA Corporation\CoProcManager\detoured.dll
0x000007fef6c50000 - 0x000007fef6c88000 	C:\Program Files\NVIDIA Corporation\CoProcManager\nvd3d9wrapx.dll
0x000007fefdeb0000 - 0x000007fefe087000 	C:\Windows\system32\SETUPAPI.dll
0x000007fefd650000 - 0x000007fefd686000 	C:\Windows\system32\CFGMGR32.dll
0x000007feff1b0000 - 0x000007feff28a000 	C:\Windows\system32\OLEAUT32.dll
0x000007feff580000 - 0x000007feff77c000 	C:\Windows\system32\ole32.dll
0x000007fefd8e0000 - 0x000007fefd8fa000 	C:\Windows\system32\DEVOBJ.dll
0x000007fef6c20000 - 0x000007fef6c44000 	C:\Program Files\NVIDIA Corporation\CoProcManager\nvdxgiwrapx.dll
0x0000000063f70000 - 0x0000000064042000 	C:\Program Files\Java\jdk1.8.0_131\jre\bin\msvcr100.dll
0x000000005d960000 - 0x000000005e1fc000 	C:\Program Files\Java\jdk1.8.0_131\jre\bin\server\jvm.dll
0x000007fef93b0000 - 0x000007fef93b9000 	C:\Windows\system32\WSOCK32.dll
0x000007fefdc50000 - 0x000007fefdc9d000 	C:\Windows\system32\WS2_32.dll
0x000007fefdb00000 - 0x000007fefdb08000 	C:\Windows\system32\NSI.dll
0x000007fefb600000 - 0x000007fefb63b000 	C:\Windows\system32\WINMM.dll
0x0000000077800000 - 0x0000000077807000 	C:\Windows\system32\PSAPI.DLL
0x0000000069da0000 - 0x0000000069daf000 	C:\Program Files\Java\jdk1.8.0_131\jre\bin\verify.dll
0x0000000063f40000 - 0x0000000063f69000 	C:\Program Files\Java\jdk1.8.0_131\jre\bin\java.dll
0x000000005e290000 - 0x000000005e2b3000 	C:\Program Files\Java\jdk1.8.0_131\jre\bin\instrument.dll
0x0000000069d80000 - 0x0000000069d96000 	C:\Program Files\Java\jdk1.8.0_131\jre\bin\zip.dll
0x000007fefe2f0000 - 0x000007feff07b000 	C:\Windows\system32\SHELL32.dll
0x000007fefd5a0000 - 0x000007fefd5af000 	C:\Windows\system32\profapi.dll
0x000007fefaed0000 - 0x000007fefaeea000 	D:\IntelliJ IDEA 2017.1.4\bin\breakgen64.dll
0x0000000063f20000 - 0x0000000063f3a000 	C:\Program Files\Java\jdk1.8.0_131\jre\bin\net.dll
0x000007fefcd90000 - 0x000007fefcde5000 	C:\Windows\system32\mswsock.dll
0x000007fefcd80000 - 0x000007fefcd87000 	C:\Windows\System32\wship6.dll
0x000007fefc750000 - 0x000007fefc757000 	C:\Windows\System32\wshtcpip.dll
0x000007fefcc10000 - 0x000007fefcc6b000 	C:\Windows\system32\DNSAPI.dll
0x0000000063560000 - 0x0000000063569000 	C:\Program Files\National Instruments\Shared\mDNS Responder\nimdnsNSP.dll
0x0000000063550000 - 0x000000006355e000 	C:\Windows\system32\nimdnsResponder.dll
0x0000000070590000 - 0x0000000070633000 	C:\Windows\WinSxS\amd64_microsoft.vc90.crt_1fc8b3b9a1e18e3b_9.0.30729.6161_none_08e61857a83bc251\MSVCR90.dll
0x000007fefa040000 - 0x000007fefa067000 	C:\Windows\system32\Iphlpapi.DLL
0x000007fefa030000 - 0x000007fefa03b000 	C:\Windows\system32\WINNSI.DLL
0x0000000070460000 - 0x0000000070486000 	C:\Program Files\Bonjour\mdnsNSP.dll
0x000007fef7ed0000 - 0x000007fef7ed8000 	C:\Windows\system32\rasadhlp.dll
0x000007fef9ec0000 - 0x000007fef9f13000 	C:\Windows\System32\fwpuclnt.dll
0x000000006cf40000 - 0x000000006cf4d000 	C:\Program Files\Java\jdk1.8.0_131\jre\bin\management.dll
0x0000000063f00000 - 0x0000000063f11000 	C:\Program Files\Java\jdk1.8.0_131\jre\bin\nio.dll
0x000007fefcdf0000 - 0x000007fefce08000 	C:\Windows\system32\CRYPTSP.dll
0x000007fefcaf0000 - 0x000007fefcb37000 	C:\Windows\system32\rsaenh.dll
0x000007fefc870000 - 0x000007fefc88e000 	C:\Windows\system32\USERENV.dll
0x000007fefd490000 - 0x000007fefd49f000 	C:\Windows\system32\CRYPTBASE.dll
0x000007fef9e40000 - 0x000007fef9e58000 	C:\Windows\system32\dhcpcsvc.DLL
0x000007fef9d40000 - 0x000007fef9d51000 	C:\Windows\system32\dhcpcsvc6.DLL
0x000007fefc0f0000 - 0x000007fefc105000 	C:\Windows\system32\NLAapi.dll
0x000007fef7f20000 - 0x000007fef7f35000 	C:\Windows\system32\napinsp.dll
0x000007fef7f00000 - 0x000007fef7f19000 	C:\Windows\system32\pnrpnsp.dll
0x000007fef7ef0000 - 0x000007fef7efb000 	C:\Windows\System32\winrnr.dll
0x000007fef7ee0000 - 0x000007fef7ef0000 	C:\Windows\system32\wshbth.dll

VM Arguments:
jvm_args: -ea -Didea.test.cyclic.buffer.size=1048576 -javaagent:D:\IntelliJ IDEA 2017.1.4\lib\idea_rt.jar=50494:D:\IntelliJ IDEA 2017.1.4\bin -Dfile.encoding=UTF-8 
java_command: com.intellij.rt.execution.junit.JUnitStarter -ideVersion5 com.wfy.web.dao.DaoTest,upTest
java_class_path (initial): D:\IntelliJ IDEA 2017.1.4\lib\idea_rt.jar;D:\IntelliJ IDEA 2017.1.4\plugins\junit\lib\junit-rt.jar;C:\Program Files\Java\jdk1.8.0_131\jre\lib\charsets.jar;C:\Program Files\Java\jdk1.8.0_131\jre\lib\deploy.jar;C:\Program Files\Java\jdk1.8.0_131\jre\lib\ext\access-bridge-64.jar;C:\Program Files\Java\jdk1.8.0_131\jre\lib\ext\cldrdata.jar;C:\Program Files\Java\jdk1.8.0_131\jre\lib\ext\dnsns.jar;C:\Program Files\Java\jdk1.8.0_131\jre\lib\ext\jaccess.jar;C:\Program Files\Java\jdk1.8.0_131\jre\lib\ext\jfxrt.jar;C:\Program Files\Java\jdk1.8.0_131\jre\lib\ext\localedata.jar;C:\Program Files\Java\jdk1.8.0_131\jre\lib\ext\nashorn.jar;C:\Program Files\Java\jdk1.8.0_131\jre\lib\ext\sunec.jar;C:\Program Files\Java\jdk1.8.0_131\jre\lib\ext\sunjce_provider.jar;C:\Program Files\Java\jdk1.8.0_131\jre\lib\ext\sunmscapi.jar;C:\Program Files\Java\jdk1.8.0_131\jre\lib\ext\sunpkcs11.jar;C:\Program Files\Java\jdk1.8.0_131\jre\lib\ext\zipfs.jar;C:\Program Files\Java\jdk1.8.0_131\jre\lib\javaws.jar;C:\Program Files\Java\jdk1.8.0_131\jre\lib\jce.jar;C:\Program Files\Java\jdk1.8.0_131\jre\lib\jfr.jar;C:\Program Files\Java\jdk1.8.0_131\jre\lib\jfxswt.jar;C:\Program Files\Java\jdk1.8.0_131\jre\lib\jsse.jar;C:\Program Files\Java\jdk1.8.0_131\jre\lib\management-agent.jar;C:\Program Files\Java\jdk1.8.0_131\jre\lib\plugin.jar;C:\Program Files\Java\jdk1.8.0_131\jre\lib\resources.jar;C:\Program Files\Java\jdk1.8.0_131\jre\lib\rt.jar;D:\Documents\ideaworkspace\ManageSystem\target\test-classes;D:\Documents\ideaworkspace\ManageSystem\target\classes;C:\Users\Administrator\.m2\repository\org\springframework\spring-core\4.3.9.RELEASE\spring-core-4.3.9.RELEASE.jar;C:\Users\Administrator\.m2\repository\commons-logging\commons-logging\1.2\commons-logging-1.2.jar;C:\Users\Administrator\.m2\repository\org\springframework\spring-web\4.3.9.RELEASE\spring-web-4.3.9.RELEASE.jar;C:\Users\Administrator\.m2\repository\org\springframework\spring-beans\4.3.9.RELEASE\spring-beans-4.3.9.RELEASE
Launcher Type: SUN_STANDARD

Environment Variables:
JAVA_HOME=C:\Program Files\Java\jdk1.8.0_131
CLASSPATH=C:\Program Files\Java\jdk1.8.0_131\lib\dt.jar;C:\Program Files\Java\jdk1.8.0_131\lib\tools.jar
PATH=C:\oracledb\product\12.2.0\dbhome_1\bin;C:\oracledb\product\bin;C:\ProgramData\Oracle\Java\javapath;C:\Users\Administrator\AppData\Local\Programs\Python\Python36\Scripts\;C:\Users\Administrator\AppData\Local\Programs\Python\Python36\;C:\Users\Administrator\AppData\Roaming\npm;C:\Program Files\Java\jdk1.8.0_131\bin;;C:\Windows\system32;C:\Windows;C:\Windows\system32\wbem;C:\Program Files\dotnet\;D:\MinGW\bin;D:\nodejs\;C:\Users\Administrator\AppData\Local\Programs\Python\Python36\Scripts\;C:\Users\Administrator\AppData\Local\Programs\Python\Python36\;C:\Program Files\Java\jdk1.8.0_131\bin;;D:\VS Code\bin;C:\Users\Administrator\AppData\Roaming\npm
USERNAME=Administrator
OS=Windows_NT
PROCESSOR_IDENTIFIER=Intel64 Family 6 Model 71 Stepping 1, GenuineIntel



---------------  S Y S T E M  ---------------

OS: Windows 7 , 64 bit Build 7601 (6.1.7601.23864)

CPU:total 8 (initial active 8) (4 cores per cpu, 2 threads per core) family 6 model 71 stepping 1, cmov, cx8, fxsr, mmx, sse, sse2, sse3, ssse3, sse4.1, sse4.2, popcnt, avx, avx2, aes, clmul, erms, 3dnowpref, lzcnt, ht, tsc, tscinvbit, bmi1, bmi2, adx

Memory: 4k page, physical 8301280k(1088152k free), swap 18785180k(5172k free)

vm_info: Java HotSpot(TM) 64-Bit Server VM (25.131-b11) for windows-amd64 JRE (1.8.0_131-b11), built on Mar 15 2017 01:23:53 by "java_re" with MS VC++ 10.0 (VS2010)

time: Sun Aug 20 11:45:02 2017
elapsed time: 4 seconds (0d 0h 0m 4s)

